2021-07-25 17:25:26.618 [main] INFO  com.shred.spdemo.SpdemoApplicationTests - Starting SpdemoApplicationTests using Java 11.0.11 on shred with PID 19893 (started by liuqinhong in /Users/shred/develop/back/lgjava/springboot/spdemo)
2021-07-25 17:25:26.619 [main] DEBUG com.shred.spdemo.SpdemoApplicationTests - Running with Spring Boot v2.5.3, Spring v5.3.9
2021-07-25 17:25:26.621 [main] INFO  com.shred.spdemo.SpdemoApplicationTests - No active profile set, falling back to default profiles: default
2021-07-25 17:25:27.683 [main] INFO  com.shred.spdemo.config.Devtools - guava-jar classLoader: jdk.internal.loader.ClassLoaders$AppClassLoader@2c13da15
2021-07-25 17:25:27.683 [main] INFO  com.shred.spdemo.config.Devtools - Devtools ClassLoader: jdk.internal.loader.ClassLoaders$AppClassLoader@2c13da15
2021-07-25 17:25:28.822 [main] INFO  com.shred.spdemo.SpdemoApplicationTests - Started SpdemoApplicationTests in 2.702 seconds (JVM running for 4.139)
2021-07-25 17:25:29.186 [main] TRACE com.shred.spdemo.SpdemoApplicationTests - trace ...
2021-07-25 17:25:29.187 [main] DEBUG com.shred.spdemo.SpdemoApplicationTests - debug...
2021-07-25 17:25:29.187 [main] INFO  com.shred.spdemo.SpdemoApplicationTests - info...
2021-07-25 17:25:29.187 [main] WARN  com.shred.spdemo.SpdemoApplicationTests - warn...
2021-07-25 17:25:29.187 [main] ERROR com.shred.spdemo.SpdemoApplicationTests - error...
2021-07-25 17:33:31.073 [main] INFO  com.shred.spdemo.SpdemoApplicationTests - Starting SpdemoApplicationTests using Java 11.0.11 on shred with PID 20297 (started by liuqinhong in /Users/shred/develop/back/lgjava/springboot/spdemo)
2021-07-25 17:33:31.074 [main] DEBUG com.shred.spdemo.SpdemoApplicationTests - Running with Spring Boot v2.5.3, Spring v5.3.9
2021-07-25 17:33:31.077 [main] INFO  com.shred.spdemo.SpdemoApplicationTests - No active profile set, falling back to default profiles: default
2021-07-25 17:33:32.242 [main] INFO  com.shred.spdemo.config.Devtools - guava-jar classLoader: jdk.internal.loader.ClassLoaders$AppClassLoader@2c13da15
2021-07-25 17:33:32.242 [main] INFO  com.shred.spdemo.config.Devtools - Devtools ClassLoader: jdk.internal.loader.ClassLoaders$AppClassLoader@2c13da15
2021-07-25 17:33:33.538 [main] INFO  com.shred.spdemo.SpdemoApplicationTests - Started SpdemoApplicationTests in 2.989 seconds (JVM running for 4.445)
2021-07-25 17:33:33.896 [main] TRACE com.shred.spdemo.SpdemoApplicationTests - trace ...
2021-07-25 17:33:33.896 [main] DEBUG com.shred.spdemo.SpdemoApplicationTests - debug...
2021-07-25 17:33:33.896 [main] INFO  com.shred.spdemo.SpdemoApplicationTests - info...
2021-07-25 17:33:33.896 [main] WARN  com.shred.spdemo.SpdemoApplicationTests - warn...
2021-07-25 17:33:33.897 [main] ERROR com.shred.spdemo.SpdemoApplicationTests - error...
